{"E:\\Softwarica\\MySpace-Backend-API\\index.js": {"path":"E:\\Softwarica\\MySpace-Backend-API\\index.js","statementMap":{"0":{"start":{"line":1,"column":16},"end":{"line":1,"column":34}},"1":{"start":{"line":2,"column":16},"end":{"line":2,"column":34}},"2":{"start":{"line":3,"column":12},"end":{"line":3,"column":21}},"3":{"start":{"line":4,"column":17},"end":{"line":4,"column":36}},"4":{"start":{"line":6,"column":0},"end":{"line":6,"column":27}},"5":{"start":{"line":8,"column":0},"end":{"line":8,"column":31}},"6":{"start":{"line":9,"column":0},"end":{"line":9,"column":31}},"7":{"start":{"line":10,"column":0},"end":{"line":10,"column":26}},"8":{"start":{"line":11,"column":0},"end":{"line":11,"column":33}},"9":{"start":{"line":12,"column":0},"end":{"line":12,"column":34}},"10":{"start":{"line":13,"column":0},"end":{"line":13,"column":37}},"11":{"start":{"line":16,"column":17},"end":{"line":16,"column":26}},"12":{"start":{"line":17,"column":13},"end":{"line":17,"column":37}},"13":{"start":{"line":20,"column":15},"end":{"line":22,"column":1}},"14":{"start":{"line":21,"column":1},"end":{"line":21,"column":45}},"15":{"start":{"line":25,"column":0},"end":{"line":25,"column":24}}},"fnMap":{"0":{"name":"(anonymous_0)","decl":{"start":{"line":20,"column":42},"end":{"line":20,"column":43}},"loc":{"start":{"line":21,"column":1},"end":{"line":21,"column":45}},"line":21}},"branchMap":{"0":{"loc":{"start":{"line":17,"column":13},"end":{"line":17,"column":37}},"type":"binary-expr","locations":[{"start":{"line":17,"column":13},"end":{"line":17,"column":29}},{"start":{"line":17,"column":33},"end":{"line":17,"column":37}}],"line":17}},"s":{"0":2,"1":2,"2":2,"3":2,"4":2,"5":2,"6":2,"7":2,"8":2,"9":2,"10":2,"11":2,"12":2,"13":2,"14":2,"15":2},"f":{"0":2},"b":{"0":[2,2]},"_coverageSchema":"332fd63041d2c1bcb487cc26dd0d5f7d97098a6c","hash":"ab3fbeb36ec6ab4a0a03387c14684c557e844e3e"}
,"E:\\Softwarica\\MySpace-Backend-API\\middleware\\auth.js": {"path":"E:\\Softwarica\\MySpace-Backend-API\\middleware\\auth.js","statementMap":{"0":{"start":{"line":1,"column":12},"end":{"line":1,"column":35}},"1":{"start":{"line":5,"column":0},"end":{"line":19,"column":2}},"2":{"start":{"line":7,"column":4},"end":{"line":7,"column":62}},"3":{"start":{"line":7,"column":48},"end":{"line":7,"column":62}},"4":{"start":{"line":9,"column":18},"end":{"line":9,"column":44}},"5":{"start":{"line":10,"column":4},"end":{"line":10,"column":81}},"6":{"start":{"line":10,"column":16},"end":{"line":10,"column":81}},"7":{"start":{"line":12,"column":4},"end":{"line":18,"column":5}},"8":{"start":{"line":13,"column":24},"end":{"line":13,"column":114}},"9":{"start":{"line":14,"column":8},"end":{"line":14,"column":27}},"10":{"start":{"line":15,"column":8},"end":{"line":15,"column":15}},"11":{"start":{"line":17,"column":8},"end":{"line":17,"column":47}}},"fnMap":{"0":{"name":"(anonymous_0)","decl":{"start":{"line":5,"column":17},"end":{"line":5,"column":18}},"loc":{"start":{"line":5,"column":42},"end":{"line":19,"column":1}},"line":5}},"branchMap":{"0":{"loc":{"start":{"line":7,"column":4},"end":{"line":7,"column":62}},"type":"if","locations":[{"start":{"line":7,"column":4},"end":{"line":7,"column":62}},{"start":{"line":7,"column":4},"end":{"line":7,"column":62}}],"line":7},"1":{"loc":{"start":{"line":10,"column":4},"end":{"line":10,"column":81}},"type":"if","locations":[{"start":{"line":10,"column":4},"end":{"line":10,"column":81}},{"start":{"line":10,"column":4},"end":{"line":10,"column":81}}],"line":10}},"s":{"0":2,"1":2,"2":8,"3":8,"4":0,"5":0,"6":0,"7":0,"8":0,"9":0,"10":0,"11":0},"f":{"0":8},"b":{"0":[8,0],"1":[0,0]},"_coverageSchema":"332fd63041d2c1bcb487cc26dd0d5f7d97098a6c","hash":"6ba5fc48a7a5357d18c6f14afb520d201e5e1f5a"}
,"E:\\Softwarica\\MySpace-Backend-API\\middleware\\error.js": {"path":"E:\\Softwarica\\MySpace-Backend-API\\middleware\\error.js","statementMap":{"0":{"start":{"line":1,"column":16},"end":{"line":1,"column":34}},"1":{"start":{"line":4,"column":0},"end":{"line":8,"column":1}},"2":{"start":{"line":5,"column":1},"end":{"line":5,"column":33}},"3":{"start":{"line":7,"column":1},"end":{"line":7,"column":43}}},"fnMap":{"0":{"name":"(anonymous_0)","decl":{"start":{"line":4,"column":17},"end":{"line":4,"column":18}},"loc":{"start":{"line":4,"column":46},"end":{"line":8,"column":1}},"line":4}},"branchMap":{},"s":{"0":2,"1":2,"2":0,"3":0},"f":{"0":0},"b":{},"_coverageSchema":"332fd63041d2c1bcb487cc26dd0d5f7d97098a6c","hash":"ac6f1d089201b96f34914391c83d9e7aee9cd09d"}
,"E:\\Softwarica\\MySpace-Backend-API\\middleware\\validateObjectId.js": {"path":"E:\\Softwarica\\MySpace-Backend-API\\middleware\\validateObjectId.js","statementMap":{"0":{"start":{"line":1,"column":17},"end":{"line":1,"column":36}},"1":{"start":{"line":4,"column":0},"end":{"line":9,"column":1}},"2":{"start":{"line":5,"column":1},"end":{"line":6,"column":45}},"3":{"start":{"line":6,"column":2},"end":{"line":6,"column":45}},"4":{"start":{"line":8,"column":1},"end":{"line":8,"column":8}}},"fnMap":{"0":{"name":"(anonymous_0)","decl":{"start":{"line":4,"column":17},"end":{"line":4,"column":18}},"loc":{"start":{"line":4,"column":42},"end":{"line":9,"column":1}},"line":4}},"branchMap":{"0":{"loc":{"start":{"line":5,"column":1},"end":{"line":6,"column":45}},"type":"if","locations":[{"start":{"line":5,"column":1},"end":{"line":6,"column":45}},{"start":{"line":5,"column":1},"end":{"line":6,"column":45}}],"line":5}},"s":{"0":2,"1":2,"2":6,"3":2,"4":4},"f":{"0":6},"b":{"0":[2,4]},"_coverageSchema":"332fd63041d2c1bcb487cc26dd0d5f7d97098a6c","hash":"392d1a2ca6a907a513241597d1b2b9533b7ae066"}
,"E:\\Softwarica\\MySpace-Backend-API\\models\\books.js": {"path":"E:\\Softwarica\\MySpace-Backend-API\\models\\books.js","statementMap":{"0":{"start":{"line":1,"column":12},"end":{"line":1,"column":26}},"1":{"start":{"line":2,"column":17},"end":{"line":2,"column":36}},"2":{"start":{"line":5,"column":14},"end":{"line":24,"column":3}},"3":{"start":{"line":28,"column":19},"end":{"line":33,"column":5}},"4":{"start":{"line":35,"column":4},"end":{"line":35,"column":38}},"5":{"start":{"line":38,"column":0},"end":{"line":38,"column":22}},"6":{"start":{"line":39,"column":0},"end":{"line":39,"column":36}}},"fnMap":{"0":{"name":"validateBook","decl":{"start":{"line":27,"column":9},"end":{"line":27,"column":21}},"loc":{"start":{"line":27,"column":28},"end":{"line":36,"column":1}},"line":27}},"branchMap":{},"s":{"0":2,"1":2,"2":2,"3":0,"4":0,"5":2,"6":2},"f":{"0":0},"b":{},"_coverageSchema":"332fd63041d2c1bcb487cc26dd0d5f7d97098a6c","hash":"6dbde6318f9f6ec99ca58c3970043f8e71c2f816"}
,"E:\\Softwarica\\MySpace-Backend-API\\models\\movies.js": {"path":"E:\\Softwarica\\MySpace-Backend-API\\models\\movies.js","statementMap":{"0":{"start":{"line":1,"column":12},"end":{"line":1,"column":26}},"1":{"start":{"line":2,"column":17},"end":{"line":2,"column":36}},"2":{"start":{"line":5,"column":15},"end":{"line":24,"column":3}},"3":{"start":{"line":28,"column":19},"end":{"line":33,"column":5}},"4":{"start":{"line":35,"column":4},"end":{"line":35,"column":39}},"5":{"start":{"line":38,"column":0},"end":{"line":38,"column":24}},"6":{"start":{"line":39,"column":0},"end":{"line":39,"column":38}}},"fnMap":{"0":{"name":"validateMovie","decl":{"start":{"line":27,"column":9},"end":{"line":27,"column":22}},"loc":{"start":{"line":27,"column":30},"end":{"line":36,"column":1}},"line":27}},"branchMap":{},"s":{"0":2,"1":2,"2":2,"3":0,"4":0,"5":2,"6":2},"f":{"0":0},"b":{},"_coverageSchema":"332fd63041d2c1bcb487cc26dd0d5f7d97098a6c","hash":"ab59ce13ad149cb12dce301045f9e418f1c0306d"}
,"E:\\Softwarica\\MySpace-Backend-API\\models\\resetPassword.js": {"path":"E:\\Softwarica\\MySpace-Backend-API\\models\\resetPassword.js","statementMap":{"0":{"start":{"line":1,"column":12},"end":{"line":1,"column":26}},"1":{"start":{"line":2,"column":17},"end":{"line":2,"column":36}},"2":{"start":{"line":5,"column":22},"end":{"line":18,"column":3}},"3":{"start":{"line":21,"column":0},"end":{"line":21,"column":38}}},"fnMap":{},"branchMap":{},"s":{"0":2,"1":2,"2":2,"3":2},"f":{},"b":{},"_coverageSchema":"332fd63041d2c1bcb487cc26dd0d5f7d97098a6c","hash":"275c78ac5b6595e6573feb06d65b8963aa4294a7"}
,"E:\\Softwarica\\MySpace-Backend-API\\models\\user.js": {"path":"E:\\Softwarica\\MySpace-Backend-API\\models\\user.js","statementMap":{"0":{"start":{"line":2,"column":12},"end":{"line":2,"column":35}},"1":{"start":{"line":3,"column":12},"end":{"line":3,"column":26}},"2":{"start":{"line":4,"column":17},"end":{"line":4,"column":36}},"3":{"start":{"line":7,"column":19},"end":{"line":27,"column":2}},"4":{"start":{"line":29,"column":0},"end":{"line":40,"column":1}},"5":{"start":{"line":30,"column":15},"end":{"line":38,"column":2}},"6":{"start":{"line":39,"column":1},"end":{"line":39,"column":14}},"7":{"start":{"line":42,"column":13},"end":{"line":42,"column":47}},"8":{"start":{"line":45,"column":16},"end":{"line":59,"column":2}},"9":{"start":{"line":61,"column":1},"end":{"line":61,"column":35}},"10":{"start":{"line":64,"column":0},"end":{"line":64,"column":20}},"11":{"start":{"line":65,"column":0},"end":{"line":65,"column":32}}},"fnMap":{"0":{"name":"(anonymous_0)","decl":{"start":{"line":29,"column":39},"end":{"line":29,"column":40}},"loc":{"start":{"line":29,"column":50},"end":{"line":40,"column":1}},"line":29},"1":{"name":"validateUser","decl":{"start":{"line":44,"column":9},"end":{"line":44,"column":21}},"loc":{"start":{"line":44,"column":28},"end":{"line":62,"column":1}},"line":44}},"branchMap":{},"s":{"0":3,"1":3,"2":3,"3":3,"4":3,"5":1,"6":1,"7":3,"8":0,"9":0,"10":3,"11":3},"f":{"0":1,"1":0},"b":{},"_coverageSchema":"332fd63041d2c1bcb487cc26dd0d5f7d97098a6c","hash":"846557005ae92311dc3a7c009f1f31e9dc28f03d"}
,"E:\\Softwarica\\MySpace-Backend-API\\routes\\auth.js": {"path":"E:\\Softwarica\\MySpace-Backend-API\\routes\\auth.js","statementMap":{"0":{"start":{"line":1,"column":12},"end":{"line":1,"column":26}},"1":{"start":{"line":2,"column":15},"end":{"line":2,"column":32}},"2":{"start":{"line":3,"column":16},"end":{"line":3,"column":41}},"3":{"start":{"line":4,"column":17},"end":{"line":4,"column":36}},"4":{"start":{"line":5,"column":16},"end":{"line":5,"column":34}},"5":{"start":{"line":6,"column":15},"end":{"line":6,"column":31}},"6":{"start":{"line":9,"column":0},"end":{"line":12,"column":3}},"7":{"start":{"line":10,"column":4},"end":{"line":10,"column":55}},"8":{"start":{"line":11,"column":3},"end":{"line":11,"column":28}},"9":{"start":{"line":14,"column":0},"end":{"line":29,"column":3}},"10":{"start":{"line":15,"column":19},"end":{"line":15,"column":37}},"11":{"start":{"line":16,"column":1},"end":{"line":17,"column":56}},"12":{"start":{"line":17,"column":2},"end":{"line":17,"column":56}},"13":{"start":{"line":19,"column":12},"end":{"line":19,"column":55}},"14":{"start":{"line":20,"column":1},"end":{"line":21,"column":62}},"15":{"start":{"line":21,"column":2},"end":{"line":21,"column":62}},"16":{"start":{"line":23,"column":23},"end":{"line":23,"column":77}},"17":{"start":{"line":24,"column":1},"end":{"line":25,"column":62}},"18":{"start":{"line":25,"column":2},"end":{"line":25,"column":62}},"19":{"start":{"line":27,"column":15},"end":{"line":27,"column":39}},"20":{"start":{"line":28,"column":1},"end":{"line":28,"column":17}},"21":{"start":{"line":32,"column":16},"end":{"line":35,"column":2}},"22":{"start":{"line":37,"column":1},"end":{"line":37,"column":34}},"23":{"start":{"line":40,"column":0},"end":{"line":40,"column":24}}},"fnMap":{"0":{"name":"(anonymous_0)","decl":{"start":{"line":9,"column":17},"end":{"line":9,"column":18}},"loc":{"start":{"line":9,"column":37},"end":{"line":12,"column":1}},"line":9},"1":{"name":"(anonymous_1)","decl":{"start":{"line":14,"column":17},"end":{"line":14,"column":18}},"loc":{"start":{"line":14,"column":37},"end":{"line":29,"column":1}},"line":14},"2":{"name":"validate","decl":{"start":{"line":31,"column":9},"end":{"line":31,"column":17}},"loc":{"start":{"line":31,"column":23},"end":{"line":38,"column":1}},"line":31}},"branchMap":{"0":{"loc":{"start":{"line":16,"column":1},"end":{"line":17,"column":56}},"type":"if","locations":[{"start":{"line":16,"column":1},"end":{"line":17,"column":56}},{"start":{"line":16,"column":1},"end":{"line":17,"column":56}}],"line":16},"1":{"loc":{"start":{"line":20,"column":1},"end":{"line":21,"column":62}},"type":"if","locations":[{"start":{"line":20,"column":1},"end":{"line":21,"column":62}},{"start":{"line":20,"column":1},"end":{"line":21,"column":62}}],"line":20},"2":{"loc":{"start":{"line":24,"column":1},"end":{"line":25,"column":62}},"type":"if","locations":[{"start":{"line":24,"column":1},"end":{"line":25,"column":62}},{"start":{"line":24,"column":1},"end":{"line":25,"column":62}}],"line":24}},"s":{"0":2,"1":2,"2":2,"3":2,"4":2,"5":2,"6":2,"7":0,"8":0,"9":2,"10":0,"11":0,"12":0,"13":0,"14":0,"15":0,"16":0,"17":0,"18":0,"19":0,"20":0,"21":0,"22":0,"23":2},"f":{"0":0,"1":0,"2":0},"b":{"0":[0,0],"1":[0,0],"2":[0,0]},"_coverageSchema":"332fd63041d2c1bcb487cc26dd0d5f7d97098a6c","hash":"9c0ba78fe8a82cf9d7e27884fc45b509ef1b3ca6"}
,"E:\\Softwarica\\MySpace-Backend-API\\routes\\books.js": {"path":"E:\\Softwarica\\MySpace-Backend-API\\routes\\books.js","statementMap":{"0":{"start":{"line":1,"column":32},"end":{"line":1,"column":58}},"1":{"start":{"line":2,"column":13},"end":{"line":2,"column":42}},"2":{"start":{"line":3,"column":25},"end":{"line":3,"column":66}},"3":{"start":{"line":4,"column":17},"end":{"line":4,"column":36}},"4":{"start":{"line":5,"column":16},"end":{"line":5,"column":34}},"5":{"start":{"line":6,"column":15},"end":{"line":6,"column":31}},"6":{"start":{"line":9,"column":0},"end":{"line":15,"column":3}},"7":{"start":{"line":10,"column":18},"end":{"line":12,"column":21}},"8":{"start":{"line":14,"column":4},"end":{"line":14,"column":20}},"9":{"start":{"line":18,"column":0},"end":{"line":25,"column":3}},"10":{"start":{"line":19,"column":17},"end":{"line":19,"column":67}},"11":{"start":{"line":21,"column":4},"end":{"line":22,"column":81}},"12":{"start":{"line":22,"column":8},"end":{"line":22,"column":81}},"13":{"start":{"line":24,"column":4},"end":{"line":24,"column":19}},"14":{"start":{"line":28,"column":0},"end":{"line":40,"column":3}},"15":{"start":{"line":29,"column":22},"end":{"line":29,"column":44}},"16":{"start":{"line":30,"column":4},"end":{"line":30,"column":58}},"17":{"start":{"line":30,"column":15},"end":{"line":30,"column":58}},"18":{"start":{"line":32,"column":17},"end":{"line":35,"column":6}},"19":{"start":{"line":37,"column":4},"end":{"line":37,"column":22}},"20":{"start":{"line":39,"column":4},"end":{"line":39,"column":19}},"21":{"start":{"line":43,"column":0},"end":{"line":61,"column":3}},"22":{"start":{"line":44,"column":22},"end":{"line":44,"column":44}},"23":{"start":{"line":45,"column":4},"end":{"line":45,"column":69}},"24":{"start":{"line":45,"column":15},"end":{"line":45,"column":69}},"25":{"start":{"line":47,"column":17},"end":{"line":55,"column":5}},"26":{"start":{"line":57,"column":4},"end":{"line":58,"column":81}},"27":{"start":{"line":58,"column":8},"end":{"line":58,"column":81}},"28":{"start":{"line":60,"column":4},"end":{"line":60,"column":19}},"29":{"start":{"line":64,"column":0},"end":{"line":71,"column":3}},"30":{"start":{"line":65,"column":17},"end":{"line":65,"column":61}},"31":{"start":{"line":67,"column":4},"end":{"line":68,"column":81}},"32":{"start":{"line":68,"column":8},"end":{"line":68,"column":81}},"33":{"start":{"line":70,"column":4},"end":{"line":70,"column":19}},"34":{"start":{"line":74,"column":0},"end":{"line":74,"column":24}}},"fnMap":{"0":{"name":"(anonymous_0)","decl":{"start":{"line":9,"column":24},"end":{"line":9,"column":25}},"loc":{"start":{"line":9,"column":44},"end":{"line":15,"column":1}},"line":9},"1":{"name":"(anonymous_1)","decl":{"start":{"line":18,"column":45},"end":{"line":18,"column":46}},"loc":{"start":{"line":18,"column":65},"end":{"line":25,"column":1}},"line":18},"2":{"name":"(anonymous_2)","decl":{"start":{"line":28,"column":25},"end":{"line":28,"column":26}},"loc":{"start":{"line":28,"column":45},"end":{"line":40,"column":1}},"line":28},"3":{"name":"(anonymous_3)","decl":{"start":{"line":43,"column":27},"end":{"line":43,"column":28}},"loc":{"start":{"line":43,"column":47},"end":{"line":61,"column":1}},"line":43},"4":{"name":"(anonymous_4)","decl":{"start":{"line":64,"column":30},"end":{"line":64,"column":31}},"loc":{"start":{"line":64,"column":50},"end":{"line":71,"column":1}},"line":64}},"branchMap":{"0":{"loc":{"start":{"line":21,"column":4},"end":{"line":22,"column":81}},"type":"if","locations":[{"start":{"line":21,"column":4},"end":{"line":22,"column":81}},{"start":{"line":21,"column":4},"end":{"line":22,"column":81}}],"line":21},"1":{"loc":{"start":{"line":30,"column":4},"end":{"line":30,"column":58}},"type":"if","locations":[{"start":{"line":30,"column":4},"end":{"line":30,"column":58}},{"start":{"line":30,"column":4},"end":{"line":30,"column":58}}],"line":30},"2":{"loc":{"start":{"line":45,"column":4},"end":{"line":45,"column":69}},"type":"if","locations":[{"start":{"line":45,"column":4},"end":{"line":45,"column":69}},{"start":{"line":45,"column":4},"end":{"line":45,"column":69}}],"line":45},"3":{"loc":{"start":{"line":57,"column":4},"end":{"line":58,"column":81}},"type":"if","locations":[{"start":{"line":57,"column":4},"end":{"line":58,"column":81}},{"start":{"line":57,"column":4},"end":{"line":58,"column":81}}],"line":57},"4":{"loc":{"start":{"line":67,"column":4},"end":{"line":68,"column":81}},"type":"if","locations":[{"start":{"line":67,"column":4},"end":{"line":68,"column":81}},{"start":{"line":67,"column":4},"end":{"line":68,"column":81}}],"line":67}},"s":{"0":2,"1":2,"2":2,"3":2,"4":2,"5":2,"6":2,"7":1,"8":1,"9":2,"10":2,"11":2,"12":1,"13":1,"14":2,"15":0,"16":0,"17":0,"18":0,"19":0,"20":0,"21":2,"22":0,"23":0,"24":0,"25":0,"26":0,"27":0,"28":0,"29":2,"30":0,"31":0,"32":0,"33":0,"34":2},"f":{"0":1,"1":2,"2":0,"3":0,"4":0},"b":{"0":[1,1],"1":[0,0],"2":[0,0],"3":[0,0],"4":[0,0]},"_coverageSchema":"332fd63041d2c1bcb487cc26dd0d5f7d97098a6c","hash":"0458e009a315f7ef7a01bbdd385255c27f353de2"}
,"E:\\Softwarica\\MySpace-Backend-API\\routes\\movies.js": {"path":"E:\\Softwarica\\MySpace-Backend-API\\routes\\movies.js","statementMap":{"0":{"start":{"line":1,"column":34},"end":{"line":1,"column":61}},"1":{"start":{"line":2,"column":13},"end":{"line":2,"column":42}},"2":{"start":{"line":3,"column":25},"end":{"line":3,"column":66}},"3":{"start":{"line":4,"column":17},"end":{"line":4,"column":36}},"4":{"start":{"line":5,"column":16},"end":{"line":5,"column":34}},"5":{"start":{"line":6,"column":15},"end":{"line":6,"column":31}},"6":{"start":{"line":9,"column":0},"end":{"line":15,"column":3}},"7":{"start":{"line":10,"column":19},"end":{"line":12,"column":21}},"8":{"start":{"line":14,"column":4},"end":{"line":14,"column":21}},"9":{"start":{"line":18,"column":0},"end":{"line":25,"column":3}},"10":{"start":{"line":19,"column":18},"end":{"line":19,"column":69}},"11":{"start":{"line":21,"column":4},"end":{"line":22,"column":82}},"12":{"start":{"line":22,"column":8},"end":{"line":22,"column":82}},"13":{"start":{"line":24,"column":4},"end":{"line":24,"column":20}},"14":{"start":{"line":28,"column":0},"end":{"line":40,"column":3}},"15":{"start":{"line":29,"column":22},"end":{"line":29,"column":45}},"16":{"start":{"line":30,"column":4},"end":{"line":30,"column":58}},"17":{"start":{"line":30,"column":15},"end":{"line":30,"column":58}},"18":{"start":{"line":32,"column":18},"end":{"line":35,"column":6}},"19":{"start":{"line":37,"column":4},"end":{"line":37,"column":23}},"20":{"start":{"line":39,"column":4},"end":{"line":39,"column":20}},"21":{"start":{"line":43,"column":0},"end":{"line":61,"column":3}},"22":{"start":{"line":44,"column":22},"end":{"line":44,"column":45}},"23":{"start":{"line":45,"column":4},"end":{"line":45,"column":69}},"24":{"start":{"line":45,"column":15},"end":{"line":45,"column":69}},"25":{"start":{"line":47,"column":18},"end":{"line":55,"column":5}},"26":{"start":{"line":57,"column":4},"end":{"line":58,"column":82}},"27":{"start":{"line":58,"column":8},"end":{"line":58,"column":82}},"28":{"start":{"line":60,"column":4},"end":{"line":60,"column":20}},"29":{"start":{"line":64,"column":0},"end":{"line":71,"column":3}},"30":{"start":{"line":65,"column":18},"end":{"line":65,"column":63}},"31":{"start":{"line":67,"column":4},"end":{"line":68,"column":82}},"32":{"start":{"line":68,"column":8},"end":{"line":68,"column":82}},"33":{"start":{"line":70,"column":4},"end":{"line":70,"column":20}},"34":{"start":{"line":74,"column":0},"end":{"line":74,"column":24}}},"fnMap":{"0":{"name":"(anonymous_0)","decl":{"start":{"line":9,"column":24},"end":{"line":9,"column":25}},"loc":{"start":{"line":9,"column":44},"end":{"line":15,"column":1}},"line":9},"1":{"name":"(anonymous_1)","decl":{"start":{"line":18,"column":45},"end":{"line":18,"column":46}},"loc":{"start":{"line":18,"column":65},"end":{"line":25,"column":1}},"line":18},"2":{"name":"(anonymous_2)","decl":{"start":{"line":28,"column":25},"end":{"line":28,"column":26}},"loc":{"start":{"line":28,"column":45},"end":{"line":40,"column":1}},"line":28},"3":{"name":"(anonymous_3)","decl":{"start":{"line":43,"column":27},"end":{"line":43,"column":28}},"loc":{"start":{"line":43,"column":47},"end":{"line":61,"column":1}},"line":43},"4":{"name":"(anonymous_4)","decl":{"start":{"line":64,"column":30},"end":{"line":64,"column":31}},"loc":{"start":{"line":64,"column":50},"end":{"line":71,"column":1}},"line":64}},"branchMap":{"0":{"loc":{"start":{"line":21,"column":4},"end":{"line":22,"column":82}},"type":"if","locations":[{"start":{"line":21,"column":4},"end":{"line":22,"column":82}},{"start":{"line":21,"column":4},"end":{"line":22,"column":82}}],"line":21},"1":{"loc":{"start":{"line":30,"column":4},"end":{"line":30,"column":58}},"type":"if","locations":[{"start":{"line":30,"column":4},"end":{"line":30,"column":58}},{"start":{"line":30,"column":4},"end":{"line":30,"column":58}}],"line":30},"2":{"loc":{"start":{"line":45,"column":4},"end":{"line":45,"column":69}},"type":"if","locations":[{"start":{"line":45,"column":4},"end":{"line":45,"column":69}},{"start":{"line":45,"column":4},"end":{"line":45,"column":69}}],"line":45},"3":{"loc":{"start":{"line":57,"column":4},"end":{"line":58,"column":82}},"type":"if","locations":[{"start":{"line":57,"column":4},"end":{"line":58,"column":82}},{"start":{"line":57,"column":4},"end":{"line":58,"column":82}}],"line":57},"4":{"loc":{"start":{"line":67,"column":4},"end":{"line":68,"column":82}},"type":"if","locations":[{"start":{"line":67,"column":4},"end":{"line":68,"column":82}},{"start":{"line":67,"column":4},"end":{"line":68,"column":82}}],"line":67}},"s":{"0":2,"1":2,"2":2,"3":2,"4":2,"5":2,"6":2,"7":1,"8":1,"9":2,"10":2,"11":2,"12":1,"13":1,"14":2,"15":0,"16":0,"17":0,"18":0,"19":0,"20":0,"21":2,"22":0,"23":0,"24":0,"25":0,"26":0,"27":0,"28":0,"29":2,"30":0,"31":0,"32":0,"33":0,"34":2},"f":{"0":1,"1":2,"2":0,"3":0,"4":0},"b":{"0":[1,1],"1":[0,0],"2":[0,0],"3":[0,0],"4":[0,0]},"_coverageSchema":"332fd63041d2c1bcb487cc26dd0d5f7d97098a6c","hash":"ebc234c99b1471e21595a4bfcd58f69f0e8953e2"}
,"E:\\Softwarica\\MySpace-Backend-API\\routes\\users.js": {"path":"E:\\Softwarica\\MySpace-Backend-API\\routes\\users.js","statementMap":{"0":{"start":{"line":1,"column":13},"end":{"line":1,"column":42}},"1":{"start":{"line":3,"column":15},"end":{"line":3,"column":32}},"2":{"start":{"line":4,"column":15},"end":{"line":4,"column":32}},"3":{"start":{"line":5,"column":15},"end":{"line":5,"column":32}},"4":{"start":{"line":6,"column":10},"end":{"line":6,"column":27}},"5":{"start":{"line":7,"column":19},"end":{"line":7,"column":40}},"6":{"start":{"line":8,"column":27},"end":{"line":8,"column":52}},"7":{"start":{"line":9,"column":26},"end":{"line":9,"column":60}},"8":{"start":{"line":10,"column":16},"end":{"line":10,"column":34}},"9":{"start":{"line":11,"column":15},"end":{"line":11,"column":31}},"10":{"start":{"line":14,"column":0},"end":{"line":17,"column":3}},"11":{"start":{"line":15,"column":17},"end":{"line":15,"column":70}},"12":{"start":{"line":16,"column":4},"end":{"line":16,"column":19}},"13":{"start":{"line":20,"column":0},"end":{"line":43,"column":3}},"14":{"start":{"line":23,"column":22},"end":{"line":23,"column":63}},"15":{"start":{"line":24,"column":23},"end":{"line":24,"column":52}},"16":{"start":{"line":26,"column":4},"end":{"line":26,"column":89}},"17":{"start":{"line":26,"column":35},"end":{"line":26,"column":89}},"18":{"start":{"line":28,"column":22},"end":{"line":28,"column":40}},"19":{"start":{"line":29,"column":4},"end":{"line":29,"column":69}},"20":{"start":{"line":29,"column":15},"end":{"line":29,"column":69}},"21":{"start":{"line":31,"column":15},"end":{"line":31,"column":60}},"22":{"start":{"line":32,"column":4},"end":{"line":32,"column":70}},"23":{"start":{"line":32,"column":14},"end":{"line":32,"column":70}},"24":{"start":{"line":34,"column":4},"end":{"line":34,"column":69}},"25":{"start":{"line":35,"column":17},"end":{"line":35,"column":41}},"26":{"start":{"line":36,"column":4},"end":{"line":36,"column":59}},"27":{"start":{"line":37,"column":4},"end":{"line":37,"column":22}},"28":{"start":{"line":39,"column":18},"end":{"line":39,"column":42}},"29":{"start":{"line":40,"column":4},"end":{"line":42,"column":54}},"30":{"start":{"line":48,"column":0},"end":{"line":104,"column":2}},"31":{"start":{"line":49,"column":18},"end":{"line":49,"column":32}},"32":{"start":{"line":51,"column":15},"end":{"line":51,"column":44}},"33":{"start":{"line":53,"column":4},"end":{"line":55,"column":5}},"34":{"start":{"line":54,"column":8},"end":{"line":54,"column":70}},"35":{"start":{"line":57,"column":26},"end":{"line":57,"column":74}},"36":{"start":{"line":58,"column":4},"end":{"line":60,"column":5}},"37":{"start":{"line":59,"column":8},"end":{"line":59,"column":64}},"38":{"start":{"line":62,"column":18},"end":{"line":62,"column":62}},"39":{"start":{"line":63,"column":17},"end":{"line":63,"column":41}},"40":{"start":{"line":65,"column":17},"end":{"line":65,"column":47}},"41":{"start":{"line":67,"column":4},"end":{"line":71,"column":5}},"42":{"start":{"line":73,"column":24},"end":{"line":81,"column":6}},"43":{"start":{"line":83,"column":22},"end":{"line":94,"column":5}},"44":{"start":{"line":96,"column":19},"end":{"line":96,"column":58}},"45":{"start":{"line":98,"column":4},"end":{"line":103,"column":5}},"46":{"start":{"line":99,"column":8},"end":{"line":99,"column":66}},"47":{"start":{"line":102,"column":8},"end":{"line":102,"column":61}},"48":{"start":{"line":109,"column":0},"end":{"line":143,"column":2}},"49":{"start":{"line":110,"column":19},"end":{"line":110,"column":34}},"50":{"start":{"line":111,"column":18},"end":{"line":111,"column":32}},"51":{"start":{"line":112,"column":21},"end":{"line":112,"column":38}},"52":{"start":{"line":114,"column":26},"end":{"line":114,"column":65}},"53":{"start":{"line":115,"column":4},"end":{"line":117,"column":5}},"54":{"start":{"line":116,"column":8},"end":{"line":116,"column":70}},"55":{"start":{"line":119,"column":18},"end":{"line":119,"column":79}},"56":{"start":{"line":122,"column":4},"end":{"line":124,"column":5}},"57":{"start":{"line":123,"column":8},"end":{"line":123,"column":70}},"58":{"start":{"line":126,"column":21},"end":{"line":126,"column":53}},"59":{"start":{"line":127,"column":22},"end":{"line":127,"column":32}},"60":{"start":{"line":129,"column":17},"end":{"line":129,"column":41}},"61":{"start":{"line":130,"column":17},"end":{"line":130,"column":62}},"62":{"start":{"line":132,"column":4},"end":{"line":139,"column":5}},"63":{"start":{"line":136,"column":12},"end":{"line":136,"column":35}},"64":{"start":{"line":136,"column":21},"end":{"line":136,"column":35}},"65":{"start":{"line":140,"column":4},"end":{"line":140,"column":60}},"66":{"start":{"line":142,"column":4},"end":{"line":142,"column":34}},"67":{"start":{"line":146,"column":0},"end":{"line":146,"column":24}}},"fnMap":{"0":{"name":"(anonymous_0)","decl":{"start":{"line":14,"column":24},"end":{"line":14,"column":25}},"loc":{"start":{"line":14,"column":44},"end":{"line":17,"column":1}},"line":14},"1":{"name":"(anonymous_1)","decl":{"start":{"line":20,"column":17},"end":{"line":20,"column":18}},"loc":{"start":{"line":20,"column":37},"end":{"line":43,"column":1}},"line":20},"2":{"name":"(anonymous_2)","decl":{"start":{"line":48,"column":30},"end":{"line":48,"column":31}},"loc":{"start":{"line":48,"column":50},"end":{"line":104,"column":1}},"line":48},"3":{"name":"(anonymous_3)","decl":{"start":{"line":109,"column":30},"end":{"line":109,"column":31}},"loc":{"start":{"line":109,"column":50},"end":{"line":143,"column":1}},"line":109},"4":{"name":"(anonymous_4)","decl":{"start":{"line":135,"column":8},"end":{"line":135,"column":9}},"loc":{"start":{"line":135,"column":30},"end":{"line":138,"column":9}},"line":135}},"branchMap":{"0":{"loc":{"start":{"line":23,"column":22},"end":{"line":23,"column":63}},"type":"binary-expr","locations":[{"start":{"line":23,"column":22},"end":{"line":23,"column":55}},{"start":{"line":23,"column":59},"end":{"line":23,"column":63}}],"line":23},"1":{"loc":{"start":{"line":26,"column":4},"end":{"line":26,"column":89}},"type":"if","locations":[{"start":{"line":26,"column":4},"end":{"line":26,"column":89}},{"start":{"line":26,"column":4},"end":{"line":26,"column":89}}],"line":26},"2":{"loc":{"start":{"line":29,"column":4},"end":{"line":29,"column":69}},"type":"if","locations":[{"start":{"line":29,"column":4},"end":{"line":29,"column":69}},{"start":{"line":29,"column":4},"end":{"line":29,"column":69}}],"line":29},"3":{"loc":{"start":{"line":32,"column":4},"end":{"line":32,"column":70}},"type":"if","locations":[{"start":{"line":32,"column":4},"end":{"line":32,"column":70}},{"start":{"line":32,"column":4},"end":{"line":32,"column":70}}],"line":32},"4":{"loc":{"start":{"line":53,"column":4},"end":{"line":55,"column":5}},"type":"if","locations":[{"start":{"line":53,"column":4},"end":{"line":55,"column":5}},{"start":{"line":53,"column":4},"end":{"line":55,"column":5}}],"line":53},"5":{"loc":{"start":{"line":58,"column":4},"end":{"line":60,"column":5}},"type":"if","locations":[{"start":{"line":58,"column":4},"end":{"line":60,"column":5}},{"start":{"line":58,"column":4},"end":{"line":60,"column":5}}],"line":58},"6":{"loc":{"start":{"line":98,"column":4},"end":{"line":103,"column":5}},"type":"if","locations":[{"start":{"line":98,"column":4},"end":{"line":103,"column":5}},{"start":{"line":98,"column":4},"end":{"line":103,"column":5}}],"line":98},"7":{"loc":{"start":{"line":115,"column":4},"end":{"line":117,"column":5}},"type":"if","locations":[{"start":{"line":115,"column":4},"end":{"line":117,"column":5}},{"start":{"line":115,"column":4},"end":{"line":117,"column":5}}],"line":115},"8":{"loc":{"start":{"line":122,"column":4},"end":{"line":124,"column":5}},"type":"if","locations":[{"start":{"line":122,"column":4},"end":{"line":124,"column":5}},{"start":{"line":122,"column":4},"end":{"line":124,"column":5}}],"line":122},"9":{"loc":{"start":{"line":136,"column":12},"end":{"line":136,"column":35}},"type":"if","locations":[{"start":{"line":136,"column":12},"end":{"line":136,"column":35}},{"start":{"line":136,"column":12},"end":{"line":136,"column":35}}],"line":136}},"s":{"0":2,"1":2,"2":2,"3":2,"4":2,"5":2,"6":2,"7":2,"8":2,"9":2,"10":2,"11":0,"12":0,"13":2,"14":0,"15":0,"16":0,"17":0,"18":0,"19":0,"20":0,"21":0,"22":0,"23":0,"24":0,"25":0,"26":0,"27":0,"28":0,"29":0,"30":2,"31":0,"32":0,"33":0,"34":0,"35":0,"36":0,"37":0,"38":0,"39":0,"40":0,"41":0,"42":0,"43":0,"44":0,"45":0,"46":0,"47":0,"48":2,"49":0,"50":0,"51":0,"52":0,"53":0,"54":0,"55":0,"56":0,"57":0,"58":0,"59":0,"60":0,"61":0,"62":0,"63":0,"64":0,"65":0,"66":0,"67":2},"f":{"0":0,"1":0,"2":0,"3":0,"4":0},"b":{"0":[0,0],"1":[0,0],"2":[0,0],"3":[0,0],"4":[0,0],"5":[0,0],"6":[0,0],"7":[0,0],"8":[0,0],"9":[0,0]},"_coverageSchema":"332fd63041d2c1bcb487cc26dd0d5f7d97098a6c","hash":"7c2306e5af48e41f63ca26661e71500e0622767b"}
,"E:\\Softwarica\\MySpace-Backend-API\\startup\\cors.js": {"path":"E:\\Softwarica\\MySpace-Backend-API\\startup\\cors.js","statementMap":{"0":{"start":{"line":1,"column":13},"end":{"line":1,"column":28}},"1":{"start":{"line":4,"column":0},"end":{"line":6,"column":2}},"2":{"start":{"line":5,"column":1},"end":{"line":5,"column":17}}},"fnMap":{"0":{"name":"(anonymous_0)","decl":{"start":{"line":4,"column":17},"end":{"line":4,"column":18}},"loc":{"start":{"line":4,"column":31},"end":{"line":6,"column":1}},"line":4}},"branchMap":{},"s":{"0":2,"1":2,"2":2},"f":{"0":2},"b":{},"_coverageSchema":"332fd63041d2c1bcb487cc26dd0d5f7d97098a6c","hash":"cbe9bc2b7307f26d2ecb719a835b7103ecd4e891"}
,"E:\\Softwarica\\MySpace-Backend-API\\startup\\db.js": {"path":"E:\\Softwarica\\MySpace-Backend-API\\startup\\db.js","statementMap":{"0":{"start":{"line":1,"column":16},"end":{"line":1,"column":34}},"1":{"start":{"line":2,"column":17},"end":{"line":2,"column":36}},"2":{"start":{"line":6,"column":0},"end":{"line":16,"column":1}},"3":{"start":{"line":7,"column":33},"end":{"line":7,"column":92}},"4":{"start":{"line":8,"column":1},"end":{"line":15,"column":63}},"5":{"start":{"line":14,"column":14},"end":{"line":14,"column":51}},"6":{"start":{"line":15,"column":16},"end":{"line":15,"column":61}}},"fnMap":{"0":{"name":"(anonymous_0)","decl":{"start":{"line":6,"column":17},"end":{"line":6,"column":18}},"loc":{"start":{"line":6,"column":28},"end":{"line":16,"column":1}},"line":6},"1":{"name":"(anonymous_1)","decl":{"start":{"line":14,"column":8},"end":{"line":14,"column":9}},"loc":{"start":{"line":14,"column":14},"end":{"line":14,"column":51}},"line":14},"2":{"name":"(anonymous_2)","decl":{"start":{"line":15,"column":9},"end":{"line":15,"column":10}},"loc":{"start":{"line":15,"column":16},"end":{"line":15,"column":61}},"line":15}},"branchMap":{"0":{"loc":{"start":{"line":7,"column":33},"end":{"line":7,"column":92}},"type":"binary-expr","locations":[{"start":{"line":7,"column":33},"end":{"line":7,"column":59}},{"start":{"line":7,"column":63},"end":{"line":7,"column":92}}],"line":7}},"s":{"0":2,"1":2,"2":2,"3":2,"4":2,"5":2,"6":0},"f":{"0":2,"1":2,"2":0},"b":{"0":[2,2]},"_coverageSchema":"332fd63041d2c1bcb487cc26dd0d5f7d97098a6c","hash":"88cfa171ae19e3a6c752beabcbeb929b2f7303ad"}
,"E:\\Softwarica\\MySpace-Backend-API\\startup\\logging.js": {"path":"E:\\Softwarica\\MySpace-Backend-API\\startup\\logging.js","statementMap":{"0":{"start":{"line":1,"column":16},"end":{"line":1,"column":34}},"1":{"start":{"line":2,"column":0},"end":{"line":2,"column":32}},"2":{"start":{"line":5,"column":0},"end":{"line":15,"column":1}},"3":{"start":{"line":6,"column":4},"end":{"line":8,"column":77}},"4":{"start":{"line":10,"column":4},"end":{"line":12,"column":7}},"5":{"start":{"line":11,"column":8},"end":{"line":11,"column":17}},"6":{"start":{"line":14,"column":4},"end":{"line":14,"column":70}}},"fnMap":{"0":{"name":"(anonymous_0)","decl":{"start":{"line":5,"column":17},"end":{"line":5,"column":18}},"loc":{"start":{"line":5,"column":28},"end":{"line":15,"column":1}},"line":5},"1":{"name":"(anonymous_1)","decl":{"start":{"line":10,"column":37},"end":{"line":10,"column":38}},"loc":{"start":{"line":10,"column":45},"end":{"line":12,"column":5}},"line":10}},"branchMap":{},"s":{"0":2,"1":2,"2":2,"3":2,"4":2,"5":0,"6":2},"f":{"0":2,"1":0},"b":{},"_coverageSchema":"332fd63041d2c1bcb487cc26dd0d5f7d97098a6c","hash":"d47e91a1ee36645b023a82aaca7a1de22095351a"}
,"E:\\Softwarica\\MySpace-Backend-API\\startup\\production.js": {"path":"E:\\Softwarica\\MySpace-Backend-API\\startup\\production.js","statementMap":{"0":{"start":{"line":1,"column":15},"end":{"line":1,"column":32}},"1":{"start":{"line":2,"column":20},"end":{"line":2,"column":42}},"2":{"start":{"line":5,"column":0},"end":{"line":8,"column":1}},"3":{"start":{"line":6,"column":1},"end":{"line":6,"column":19}},"4":{"start":{"line":7,"column":1},"end":{"line":7,"column":24}}},"fnMap":{"0":{"name":"(anonymous_0)","decl":{"start":{"line":5,"column":17},"end":{"line":5,"column":18}},"loc":{"start":{"line":5,"column":31},"end":{"line":8,"column":1}},"line":5}},"branchMap":{},"s":{"0":2,"1":2,"2":2,"3":2,"4":2},"f":{"0":2},"b":{},"_coverageSchema":"332fd63041d2c1bcb487cc26dd0d5f7d97098a6c","hash":"7a68c591c2d424bc552d44fe1f59c4714c6c6d3b"}
,"E:\\Softwarica\\MySpace-Backend-API\\startup\\routes.js": {"path":"E:\\Softwarica\\MySpace-Backend-API\\startup\\routes.js","statementMap":{"0":{"start":{"line":1,"column":16},"end":{"line":1,"column":34}},"1":{"start":{"line":2,"column":14},"end":{"line":2,"column":44}},"2":{"start":{"line":4,"column":14},"end":{"line":4,"column":40}},"3":{"start":{"line":5,"column":13},"end":{"line":5,"column":38}},"4":{"start":{"line":6,"column":15},"end":{"line":6,"column":42}},"5":{"start":{"line":7,"column":14},"end":{"line":7,"column":40}},"6":{"start":{"line":10,"column":0},"end":{"line":17,"column":1}},"7":{"start":{"line":11,"column":1},"end":{"line":11,"column":25}},"8":{"start":{"line":12,"column":1},"end":{"line":12,"column":30}},"9":{"start":{"line":13,"column":2},"end":{"line":13,"column":29}},"10":{"start":{"line":14,"column":1},"end":{"line":14,"column":32}},"11":{"start":{"line":15,"column":1},"end":{"line":15,"column":30}},"12":{"start":{"line":16,"column":1},"end":{"line":16,"column":16}}},"fnMap":{"0":{"name":"(anonymous_0)","decl":{"start":{"line":10,"column":17},"end":{"line":10,"column":18}},"loc":{"start":{"line":10,"column":31},"end":{"line":17,"column":1}},"line":10}},"branchMap":{},"s":{"0":2,"1":2,"2":2,"3":2,"4":2,"5":2,"6":2,"7":2,"8":2,"9":2,"10":2,"11":2,"12":2},"f":{"0":2},"b":{},"_coverageSchema":"332fd63041d2c1bcb487cc26dd0d5f7d97098a6c","hash":"940fd63dceaf7f6a50d52cfe85cd18da74df6ae2"}
,"E:\\Softwarica\\MySpace-Backend-API\\startup\\validation.js": {"path":"E:\\Softwarica\\MySpace-Backend-API\\startup\\validation.js","statementMap":{"0":{"start":{"line":1,"column":12},"end":{"line":1,"column":26}},"1":{"start":{"line":4,"column":0},"end":{"line":6,"column":1}},"2":{"start":{"line":5,"column":1},"end":{"line":5,"column":45}}},"fnMap":{"0":{"name":"(anonymous_0)","decl":{"start":{"line":4,"column":17},"end":{"line":4,"column":18}},"loc":{"start":{"line":4,"column":28},"end":{"line":6,"column":1}},"line":4}},"branchMap":{},"s":{"0":2,"1":2,"2":2},"f":{"0":2},"b":{},"_coverageSchema":"332fd63041d2c1bcb487cc26dd0d5f7d97098a6c","hash":"d4cf969005469312597af0c57a07644cdf76837a"}
}
